Cloud-init v. 0.7.6 running 'init-local' at Mon, 12 Feb 2018 18:33:15 +0000. Up 6.30 seconds.
Cloud-init v. 0.7.6 running 'init' at Mon, 12 Feb 2018 18:33:15 +0000. Up 6.49 seconds.
ci-info: +++++++++++++++++++++++Net device info++++++++++++++++++++++++
ci-info:  Device   Up     Address          Mask          Hw-Address    
ci-info:    lo    True   127.0.0.1      255.0.0.0            .         
ci-info:   eth0   True  172.31.9.209  255.255.240.0  0a:83:67:48:10:fc 
ci-info: ++++++++++++++++++++++++++++++Route info+++++++++++++++++++++++++++++++
ci-info:  Route    Destination     Gateway        Genmask      Interface  Flags 
ci-info:    0        0.0.0.0      172.31.0.1      0.0.0.0         eth0      UG  
ci-info:    1    169.254.169.254   0.0.0.0    255.255.255.255     eth0      UH  
ci-info:    2       172.31.0.0     0.0.0.0     255.255.240.0      eth0      U   
Generating public/private rsa key pair.
Your identification has been saved in /etc/ssh/ssh_host_rsa_key.
Your public key has been saved in /etc/ssh/ssh_host_rsa_key.pub.
The key fingerprint is:
SHA256:EugHvPjndAHIde1h4608BVOlha66Z3Gr1d9EM01hMyQ root@ip-172-31-9-209
The key's randomart image is:
+---[RSA 2048]----+
|      . .. ..E+* |
|   o + .  B .oo +|
|    * o  + B.   .|
|   o o o  o +  ..|
|  . o o S. +   oo|
|   . . . .* .. .o|
|    . o .. +... .|
|     + .. o..  o.|
|      . .+..    o|
+----[SHA256]-----+
Generating public/private dsa key pair.
Your identification has been saved in /etc/ssh/ssh_host_dsa_key.
Your public key has been saved in /etc/ssh/ssh_host_dsa_key.pub.
The key fingerprint is:
SHA256:RdPoNo930jk0MqrQySlqSY4yaL++Nlpc4uzd3zDPqec root@ip-172-31-9-209
The key's randomart image is:
+---[DSA 1024]----+
|          oo     |
|         ....    |
|         ..      |
|         .+ o o  |
|   . . oS+ = = o |
|  + + o = o + =  |
|.  O o o + . o . |
|+.+o* . . *..    |
|.+=B+. ..o+E     |
+----[SHA256]-----+
Generating public/private ecdsa key pair.
Your identification has been saved in /etc/ssh/ssh_host_ecdsa_key.
Your public key has been saved in /etc/ssh/ssh_host_ecdsa_key.pub.
The key fingerprint is:
SHA256:2XMNwWVMH8tRgjPvbzobnzBZ/GwrM4c8xaMtPqpbgqg root@ip-172-31-9-209
The key's randomart image is:
+---[ECDSA 256]---+
|           ..==oo|
|            =ooo+|
|            .+ o.|
|         o   oo  |
|        S o ..oo |
|      . .  o  +=.|
|     . . . ..+*.=|
|    .     o  @+*=|
|   E     oo.o.@B.|
+----[SHA256]-----+
Cloud-init v. 0.7.6 running 'modules:config' at Mon, 12 Feb 2018 18:33:16 +0000. Up 7.52 seconds.
Loaded plugins: priorities, update-motd, upgrade-helper
1 package(s) needed (+0 related) for security, out of 5 available
Resolving Dependencies
--> Running transaction check
---> Package kernel-tools.x86_64 0:4.9.76-3.78.amzn1 will be updated
---> Package kernel-tools.x86_64 0:4.9.77-31.58.amzn1 will be an update
--> Finished Dependency Resolution

Dependencies Resolved

================================================================================
 Package           Arch        Version                  Repository         Size
================================================================================
Updating:
 kernel-tools      x86_64      4.9.77-31.58.amzn1       amzn-updates      106 k

Transaction Summary
================================================================================
Upgrade  1 Package

Total download size: 106 k
Downloading packages:
Running transaction check
Running transaction test
Transaction test succeeded
Running transaction
  Updating   : kernel-tools-4.9.77-31.58.amzn1.x86_64                       1/2 
  Cleanup    : kernel-tools-4.9.76-3.78.amzn1.x86_64                        2/2 
  Verifying  : kernel-tools-4.9.77-31.58.amzn1.x86_64                       1/2 
  Verifying  : kernel-tools-4.9.76-3.78.amzn1.x86_64                        2/2 

Updated:
  kernel-tools.x86_64 0:4.9.77-31.58.amzn1                                      

Complete!
Cloud-init v. 0.7.6 running 'modules:final' at Mon, 12 Feb 2018 18:33:23 +0000. Up 13.96 seconds.
Cloud-init v. 0.7.6 finished at Mon, 12 Feb 2018 18:33:23 +0000. Datasource DataSourceEc2.  Up 14.31 seconds
