Feb 12 18:33:22 Updated: kernel-tools-4.9.77-31.58.amzn1.x86_64
Feb 12 18:37:01 Updated: python27-2.7.13-2.122.amzn1.x86_64
Feb 12 18:37:02 Updated: python27-libs-2.7.13-2.122.amzn1.x86_64
Feb 12 18:37:02 Updated: python27-devel-2.7.13-2.122.amzn1.x86_64
Feb 12 18:37:02 Updated: elfutils-libelf-0.168-8.19.amzn1.x86_64
Feb 12 18:37:03 Installed: kernel-4.9.77-31.58.amzn1.x86_64
Feb 13 21:25:54 Installed: apr-1.5.2-5.13.amzn1.x86_64
Feb 13 21:25:54 Installed: apr-util-1.5.4-6.18.amzn1.x86_64
Feb 13 21:25:54 Installed: httpd-tools-2.2.34-1.16.amzn1.x86_64
Feb 13 21:25:54 Installed: apr-util-ldap-1.5.4-6.18.amzn1.x86_64
Feb 13 21:25:55 Installed: httpd-2.2.34-1.16.amzn1.x86_64
Feb 13 21:44:36 Installed: mysql55-libs-5.5.58-1.19.amzn1.x86_64
Feb 13 21:44:36 Installed: perl-Data-Dumper-2.145-3.5.amzn1.x86_64
Feb 13 21:44:36 Installed: mysql-config-5.5.58-1.19.amzn1.x86_64
Feb 13 21:44:36 Installed: mysql55-5.5.58-1.19.amzn1.x86_64
Feb 13 21:44:36 Installed: perl-Compress-Raw-Bzip2-2.061-3.11.amzn1.x86_64
Feb 13 21:44:36 Installed: perl-Net-Daemon-0.48-5.5.amzn1.noarch
Feb 13 21:44:36 Installed: 1:perl-Compress-Raw-Zlib-2.061-4.1.amzn1.x86_64
Feb 13 21:44:37 Installed: perl-IO-Compress-2.061-2.12.amzn1.noarch
Feb 13 21:44:37 Installed: perl-PlRPC-0.2020-14.7.amzn1.noarch
Feb 13 21:44:37 Installed: perl-DBI-1.627-4.8.amzn1.x86_64
Feb 13 21:44:37 Installed: perl-DBD-MySQL55-4.023-5.23.amzn1.x86_64
Feb 13 21:44:37 Installed: mysql55-server-5.5.58-1.19.amzn1.x86_64
Feb 13 21:44:37 Installed: mysql-server-5.5-1.6.amzn1.noarch
Feb 13 21:45:23 Installed: php-common-5.3.29-1.8.amzn1.x86_64
Feb 13 21:45:23 Installed: compat-gmp4-4.3.2-1.14.amzn1.x86_64
Feb 13 21:45:23 Installed: php-cli-5.3.29-1.8.amzn1.x86_64
Feb 13 21:45:23 Installed: php-pdo-5.3.29-1.8.amzn1.x86_64
Feb 13 21:45:23 Installed: php-mysql-5.3.29-1.8.amzn1.x86_64
Feb 13 21:45:23 Installed: php-5.3.29-1.8.amzn1.x86_64
Feb 15 22:42:04 Installed: 1:mod_ssl-2.2.34-1.16.amzn1.x86_64
Feb 15 22:50:32 Installed: 1:net-snmp-libs-5.5-54.1.20.amzn1.x86_64
Feb 15 22:50:32 Installed: 1:net-snmp-5.5-54.1.20.amzn1.x86_64
Feb 15 22:50:32 Installed: php-xml-5.3.29-1.8.amzn1.x86_64
Feb 15 22:50:32 Installed: libXpm-3.5.10-2.9.amzn1.x86_64
Feb 15 22:50:32 Installed: 12:aspell-0.60.6-12.7.amzn1.x86_64
Feb 15 22:50:32 Installed: perl-Test-Harness-3.28-3.6.amzn1.noarch
Feb 15 22:50:32 Installed: perl-Thread-Queue-3.02-2.5.amzn1.noarch
Feb 15 22:50:32 Installed: php-process-5.3.29-1.8.amzn1.x86_64
Feb 15 22:50:33 Installed: 1:php-pear-1.10.1-1.19.amzn1.noarch
Feb 15 22:50:33 Installed: m4-1.4.16-9.10.amzn1.x86_64
Feb 15 22:50:33 Installed: autoconf-2.69-11.9.amzn1.noarch
Feb 15 22:50:33 Installed: automake-1.13.4-3.15.amzn1.noarch
Feb 15 22:50:33 Installed: t1lib-5.1.2-6.5.amzn1.x86_64
Feb 15 22:50:33 Installed: php-gd-5.3.29-1.8.amzn1.x86_64
Feb 15 22:50:33 Installed: php-devel-5.3.29-1.8.amzn1.x86_64
Feb 15 22:50:33 Installed: php-pecl-memcache-3.0.8-1.9.amzn1.x86_64
Feb 15 22:50:33 Installed: php-pspell-5.3.29-1.8.amzn1.x86_64
Feb 15 22:50:33 Installed: php-snmp-5.3.29-1.8.amzn1.x86_64
Feb 15 22:50:34 Installed: php-xmlrpc-5.3.29-1.8.amzn1.x86_64
Feb 27 22:31:26 Updated: libcurl-7.53.1-14.81.amzn1.x86_64
Feb 27 22:31:26 Updated: 32:bind-libs-9.8.2-0.62.rc1.57.amzn1.x86_64
Feb 27 22:31:26 Updated: 32:bind-utils-9.8.2-0.62.rc1.57.amzn1.x86_64
Feb 27 22:31:26 Updated: curl-7.53.1-14.81.amzn1.x86_64
Feb 27 22:31:27 Installed: kernel-4.9.81-35.56.amzn1.x86_64
Feb 27 22:31:27 Updated: kernel-tools-4.9.81-35.56.amzn1.x86_64
Feb 27 22:31:27 Updated: aws-cfn-bootstrap-1.4-29.20.amzn1.noarch
Mar 17 16:35:22 Updated: mysql-config-5.5.59-1.20.amzn1.x86_64
Mar 17 16:35:23 Updated: mysql55-libs-5.5.59-1.20.amzn1.x86_64
Mar 17 16:35:25 Updated: mysql55-5.5.59-1.20.amzn1.x86_64
Mar 17 16:35:29 Updated: mysql55-server-5.5.59-1.20.amzn1.x86_64
Mar 17 16:35:31 Updated: hwdata-0.233-14.1.19.amzn1.noarch
Mar 17 16:35:36 Installed: kernel-4.9.85-38.58.amzn1.x86_64
Mar 17 16:35:37 Updated: kernel-tools-4.9.85-38.58.amzn1.x86_64
